2025-10-11 09:11:07 INFO ServicesManager [setting]:0
2025-10-11 09:11:07 INFO ServicesManager [setting]:0
2025-10-11 09:11:19 INFO 4 4 0 1 4 0 1 1 1 0 0 1 1 1
2025-10-11 09:11:23 INFO 4 4 0 1 12 0 1 1 1 0 0 1 1 1
2025-10-11 09:11:23 ERROR GlobalErrorID : 1009 Error #1009: Cannot access a property or method of a null object reference. TypeError: Error #1009: Cannot access a property or method of a null object reference. 	at com.missiongroup.car.views::Arrivedview/set arrivedStation()[G:\mit_projects\Line_3_4\MIT-TrainsRun-core2\xt-sources\com\missiongroup\car\views\Arrivedview.mxml:177] 	at com.missiongroup.car.views::LineCanvas/arrivedHandler()[G:\mit_projects\Line_3_4\MIT-TrainsRun-core2\xt-sources\com\missiongroup\car\views\LineCanvas.mxml:260] 	at com.spring.managers::ControllerManager/messageHandler()[G:\mit_projects\Line_3_4\core-struts-2012-8-20\src\com\spring\managers\ControllerManager.as:361] 	at flash.events::EventDispatcher/dispatchEventFunction() 	at flash.events:
2025-10-11 09:11:23 ERROR :EventDispatcher/dispatchEvent() 	at com.spring.managers::ControllerManager/messageDispatcher()[G:\mit_projects\Line_3_4\core-struts-2012-8-20\src\com\spring\managers\ControllerManager.as:322] 	at com.missiongroup.car.services::CMDServices/commandHandler()[G:\mit_projects\Line_3_4\MIT-TrainsRun-core2\xt-sources\com\missiongroup\car\services\CMDServices.as:182] 	at com.missiongroup.metro.servers::Services/set command()[G:\mit_projects\Line_3_4\core-metro-2012-11-13\st-source\com\missiongroup\metro\servers\Services.as:68] 	at test::Debug/sendMessage()[G:\mit_projects\Line_3_4\TrainsRun\xt-sources\test\Debug.mxml:55] 	at test::Debug/button8_clickHandler()[G:\mit_projects\Line_3_4\TrainsRun\xt-sources\test\Debug.mxml:22] 	at test::Debug/___Debu
2025-10-11 09:11:23 ERROR g_Button1_click()[G:\mit_projects\Line_3_4\TrainsRun\xt-sources\test\Debug.mxml:152]
2025-10-11 09:11:27 INFO Socket Connect Fail
2025-10-11 09:11:29 INFO 4 4 0 1 3 0 1 1 1 0 0 1 1 1
2025-10-11 09:11:33 INFO 4 4 0 1 4 0 1 1 1 0 0 1 1 1
2025-10-11 09:11:39 INFO 4 4 0 1 12 0 1 1 1 0 0 1 1 1
2025-10-11 09:11:39 ERROR GlobalErrorID : 1009 Error #1009: Cannot access a property or method of a null object reference. TypeError: Error #1009: Cannot access a property or method of a null object reference. 	at com.missiongroup.car.views::Arrivedview/set arrivedStation()[G:\mit_projects\Line_3_4\MIT-TrainsRun-core2\xt-sources\com\missiongroup\car\views\Arrivedview.mxml:177] 	at com.missiongroup.car.views::LineCanvas/arrivedHandler()[G:\mit_projects\Line_3_4\MIT-TrainsRun-core2\xt-sources\com\missiongroup\car\views\LineCanvas.mxml:260] 	at com.spring.managers::ControllerManager/messageHandler()[G:\mit_projects\Line_3_4\core-struts-2012-8-20\src\com\spring\managers\ControllerManager.as:361] 	at flash.events::EventDispatcher/dispatchEventFunction() 	at flash.events:
2025-10-11 09:11:39 ERROR :EventDispatcher/dispatchEvent() 	at com.spring.managers::ControllerManager/messageDispatcher()[G:\mit_projects\Line_3_4\core-struts-2012-8-20\src\com\spring\managers\ControllerManager.as:322] 	at com.missiongroup.car.services::CMDServices/commandHandler()[G:\mit_projects\Line_3_4\MIT-TrainsRun-core2\xt-sources\com\missiongroup\car\services\CMDServices.as:182] 	at com.missiongroup.metro.servers::Services/set command()[G:\mit_projects\Line_3_4\core-metro-2012-11-13\st-source\com\missiongroup\metro\servers\Services.as:68] 	at test::Debug/sendMessage()[G:\mit_projects\Line_3_4\TrainsRun\xt-sources\test\Debug.mxml:55] 	at test::Debug/button8_clickHandler()[G:\mit_projects\Line_3_4\TrainsRun\xt-sources\test\Debug.mxml:22] 	at test::Debug/___Debu
2025-10-11 09:11:39 ERROR g_Button1_click()[G:\mit_projects\Line_3_4\TrainsRun\xt-sources\test\Debug.mxml:152]
2025-10-11 09:13:03 INFO ServicesManager [setting]:0
2025-10-11 09:13:03 INFO ServicesManager [setting]:0
2025-10-11 09:13:14 INFO 4 4 0 1 4 0 1 1 1 0 0 1 1 1
2025-10-11 09:13:19 INFO 4 4 0 1 12 0 1 1 1 0 0 1 1 1
2025-10-11 09:13:23 INFO Socket Connect Fail
2025-10-11 09:13:25 ERROR GlobalErrorID : 1009 Error #1009: Cannot access a property or method of a null object reference. TypeError: Error #1009: Cannot access a property or method of a null object reference. 	at test::Debug/numberConvert()[G:\mit_projects\Line_3_4\TrainsRun\xt-sources\test\Debug.mxml:74] 	at test::Debug/sendMessage()[G:\mit_projects\Line_3_4\TrainsRun\xt-sources\test\Debug.mxml:46] 	at test::Debug/button8_clickHandler()[G:\mit_projects\Line_3_4\TrainsRun\xt-sources\test\Debug.mxml:22] 	at test::Debug/___Debug_Button1_click()[G:\mit_projects\Line_3_4\TrainsRun\xt-sources\test\Debug.mxml:152]
2025-10-11 09:13:27 ERROR GlobalErrorID : 1009 Error #1009: Cannot access a property or method of a null object reference. TypeError: Error #1009: Cannot access a property or method of a null object reference. 	at test::Debug/numberConvert()[G:\mit_projects\Line_3_4\TrainsRun\xt-sources\test\Debug.mxml:74] 	at test::Debug/sendMessage()[G:\mit_projects\Line_3_4\TrainsRun\xt-sources\test\Debug.mxml:46] 	at test::Debug/button8_clickHandler()[G:\mit_projects\Line_3_4\TrainsRun\xt-sources\test\Debug.mxml:22] 	at test::Debug/___Debug_Button1_click()[G:\mit_projects\Line_3_4\TrainsRun\xt-sources\test\Debug.mxml:152]
2025-10-11 09:13:30 INFO 4 4 0 1 13 0 1 1 1 0 0 1 1 1
2025-10-11 09:13:34 INFO 4 4 0 1 14 0 1 1 1 0 0 1 1 1
2025-10-11 09:13:39 INFO 4 4 0 1 15 0 1 1 1 0 0 1 1 1
2025-10-11 09:13:44 INFO 4 4 0 1 16 0 1 1 1 0 0 1 1 1
2025-10-11 09:13:47 INFO 4 4 0 1 17 0 1 1 1 0 0 1 1 1
2025-10-11 09:13:48 INFO Socket Connect Fail
2025-10-11 09:13:50 INFO 4 4 0 1 18 0 1 1 1 0 0 1 1 1
2025-10-11 09:13:53 INFO 4 4 0 1 19 0 1 1 1 0 0 1 1 1
2025-10-11 09:13:56 INFO 4 4 0 1 20 0 1 1 1 0 0 1 1 1
2025-10-11 09:14:00 INFO 4 4 0 1 21 0 1 1 1 0 0 1 1 1
2025-10-11 09:14:04 INFO 4 4 0 1 22 0 1 1 1 0 0 1 1 1
2025-10-11 09:14:07 INFO 4 4 0 1 23 0 1 1 1 0 0 1 1 1
2025-10-11 09:14:13 INFO 4 4 0 1 24 0 1 1 1 0 0 1 1 1
2025-10-11 09:14:13 INFO Socket Connect Fail
2025-10-11 09:14:29 INFO 4 4 0 1 25 0 1 1 1 0 0 1 1 1
2025-10-11 09:14:34 ERROR TypeError: Error #1009: Cannot access a property or method of a null object reference. 	at com.missiongroup.car.services::CMDServices/commandHandler()[G:\mit_projects\Line_3_4\MIT-TrainsRun-core2\xt-sources\com\missiongroup\car\services\CMDServices.as:158] 	at com.missiongroup.metro.servers::Services/set command()[G:\mit_projects\Line_3_4\core-metro-2012-11-13\st-source\com\missiongroup\metro\servers\Services.as:68] 	at test::Debug/sendMessage()[G:\mit_projects\Line_3_4\TrainsRun\xt-sources\test\Debug.mxml:55] 	at test::Debug/button8_clickHandler()[G:\mit_projects\Line_3_4\TrainsRun\xt-sources\test\Debug.mxml:22] 	at test::Debug/___Debug_Button1_click()[G:\mit_projects\Line_3_4\TrainsRun\xt-sources\test\Debug.mxml:152]
2025-10-11 09:14:38 ERROR TypeError: Error #1009: Cannot access a property or method of a null object reference. 	at com.missiongroup.car.services::CMDServices/commandHandler()[G:\mit_projects\Line_3_4\MIT-TrainsRun-core2\xt-sources\com\missiongroup\car\services\CMDServices.as:158] 	at com.missiongroup.metro.servers::Services/set command()[G:\mit_projects\Line_3_4\core-metro-2012-11-13\st-source\com\missiongroup\metro\servers\Services.as:68] 	at test::Debug/sendMessage()[G:\mit_projects\Line_3_4\TrainsRun\xt-sources\test\Debug.mxml:55] 	at test::Debug/button8_clickHandler()[G:\mit_projects\Line_3_4\TrainsRun\xt-sources\test\Debug.mxml:22] 	at test::Debug/___Debug_Button1_click()[G:\mit_projects\Line_3_4\TrainsRun\xt-sources\test\Debug.mxml:152]
2025-10-11 09:14:38 INFO Socket Connect Fail
2025-10-11 09:15:03 INFO Socket Connect Fail
2025-10-11 09:15:08 ERROR TypeError: Error #1009: Cannot access a property or method of a null object reference. 	at com.missiongroup.car.services::CMDServices/commandHandler()[G:\mit_projects\Line_3_4\MIT-TrainsRun-core2\xt-sources\com\missiongroup\car\services\CMDServices.as:158] 	at com.missiongroup.metro.servers::Services/set command()[G:\mit_projects\Line_3_4\core-metro-2012-11-13\st-source\com\missiongroup\metro\servers\Services.as:68] 	at test::Debug/sendMessage()[G:\mit_projects\Line_3_4\TrainsRun\xt-sources\test\Debug.mxml:55] 	at test::Debug/button8_clickHandler()[G:\mit_projects\Line_3_4\TrainsRun\xt-sources\test\Debug.mxml:22] 	at test::Debug/___Debug_Button1_click()[G:\mit_projects\Line_3_4\TrainsRun\xt-sources\test\Debug.mxml:152]
2025-10-11 09:15:11 ERROR TypeError: Error #1009: Cannot access a property or method of a null object reference. 	at com.missiongroup.car.services::CMDServices/commandHandler()[G:\mit_projects\Line_3_4\MIT-TrainsRun-core2\xt-sources\com\missiongroup\car\services\CMDServices.as:158] 	at com.missiongroup.metro.servers::Services/set command()[G:\mit_projects\Line_3_4\core-metro-2012-11-13\st-source\com\missiongroup\metro\servers\Services.as:68] 	at test::Debug/sendMessage()[G:\mit_projects\Line_3_4\TrainsRun\xt-sources\test\Debug.mxml:55] 	at test::Debug/button8_clickHandler()[G:\mit_projects\Line_3_4\TrainsRun\xt-sources\test\Debug.mxml:22] 	at test::Debug/___Debug_Button1_click()[G:\mit_projects\Line_3_4\TrainsRun\xt-sources\test\Debug.mxml:152]
2025-10-11 09:15:12 ERROR TypeError: Error #1009: Cannot access a property or method of a null object reference. 	at com.missiongroup.car.services::CMDServices/commandHandler()[G:\mit_projects\Line_3_4\MIT-TrainsRun-core2\xt-sources\com\missiongroup\car\services\CMDServices.as:158] 	at com.missiongroup.metro.servers::Services/set command()[G:\mit_projects\Line_3_4\core-metro-2012-11-13\st-source\com\missiongroup\metro\servers\Services.as:68] 	at test::Debug/sendMessage()[G:\mit_projects\Line_3_4\TrainsRun\xt-sources\test\Debug.mxml:55] 	at test::Debug/button8_clickHandler()[G:\mit_projects\Line_3_4\TrainsRun\xt-sources\test\Debug.mxml:22] 	at test::Debug/___Debug_Button1_click()[G:\mit_projects\Line_3_4\TrainsRun\xt-sources\test\Debug.mxml:152]
2025-10-11 09:15:28 INFO Socket Connect Fail
2025-10-11 09:15:29 INFO 4 4 0 1 21 0 1 1 1 0 0 1 1 1
2025-10-11 09:15:53 INFO Socket Connect Fail
2025-10-11 09:15:57 INFO 4 4 0 1 25 0 1 1 1 0 0 1 1 1
2025-10-11 09:16:18 INFO Socket Connect Fail
2025-10-11 09:16:43 INFO Socket Connect Fail
2025-10-11 09:17:08 INFO Socket Connect Fail
2025-10-11 09:17:33 INFO Socket Connect Fail
2025-10-11 09:17:59 INFO Socket Connect Fail
2025-10-11 09:18:24 INFO Socket Connect Fail
2025-10-11 09:18:49 INFO Socket Connect Fail
2025-10-11 09:19:14 INFO Socket Connect Fail
2025-10-11 09:19:39 INFO Socket Connect Fail
2025-10-11 09:20:04 INFO Socket Connect Fail
2025-10-11 09:20:29 INFO Socket Connect Fail
2025-10-11 09:20:54 INFO Socket Connect Fail
2025-10-11 09:21:19 INFO Socket Connect Fail
2025-10-11 09:21:44 INFO Socket Connect Fail
2025-10-11 09:22:09 INFO Socket Connect Fail
2025-10-11 09:22:34 INFO Socket Connect Fail
2025-10-11 09:22:59 INFO Socket Connect Fail
2025-10-11 09:23:24 INFO Socket Connect Fail
2025-10-11 09:23:49 INFO Socket Connect Fail
2025-10-11 09:24:14 INFO Socket Connect Fail
2025-10-11 09:24:39 INFO Socket Connect Fail
2025-10-11 09:25:04 INFO Socket Connect Fail
2025-10-11 09:25:29 INFO Socket Connect Fail
2025-10-11 09:25:54 INFO Socket Connect Fail
2025-10-11 09:26:19 INFO Socket Connect Fail
2025-10-11 09:26:45 INFO Socket Connect Fail
2025-10-11 09:27:10 INFO Socket Connect Fail
2025-10-11 09:27:35 INFO Socket Connect Fail
2025-10-11 09:28:00 INFO Socket Connect Fail
2025-10-11 09:28:25 INFO Socket Connect Fail
2025-10-11 09:28:50 INFO Socket Connect Fail
2025-10-11 09:29:15 INFO Socket Connect Fail
2025-10-11 09:29:40 INFO Socket Connect Fail
2025-10-11 09:30:05 INFO Socket Connect Fail
2025-10-11 09:30:30 INFO Socket Connect Fail
2025-10-11 09:30:55 INFO Socket Connect Fail
2025-10-11 09:31:20 INFO Socket Connect Fail
2025-10-11 09:31:45 INFO Socket Connect Fail
2025-10-11 09:32:10 INFO Socket Connect Fail
2025-10-11 09:32:35 INFO Socket Connect Fail
2025-10-11 09:33:00 INFO Socket Connect Fail
2025-10-11 09:33:25 INFO Socket Connect Fail
2025-10-11 09:33:50 INFO Socket Connect Fail
2025-10-11 09:34:15 INFO Socket Connect Fail
2025-10-11 09:34:40 INFO Socket Connect Fail
2025-10-11 09:35:05 INFO Socket Connect Fail
2025-10-11 09:35:30 INFO Socket Connect Fail
2025-10-11 09:35:55 INFO Socket Connect Fail
2025-10-11 09:36:20 INFO Socket Connect Fail
2025-10-11 09:36:46 INFO Socket Connect Fail
2025-10-11 09:37:02 ERROR TypeError: Error #1009: Cannot access a property or method of a null object reference. 	at com.missiongroup.car.services::CMDServices/commandHandler()[G:\mit_projects\Line_3_4\MIT-TrainsRun-core2\xt-sources\com\missiongroup\car\services\CMDServices.as:158] 	at com.missiongroup.metro.servers::Services/set command()[G:\mit_projects\Line_3_4\core-metro-2012-11-13\st-source\com\missiongroup\metro\servers\Services.as:68] 	at test::Debug/sendMessage()[G:\mit_projects\Line_3_4\TrainsRun\xt-sources\test\Debug.mxml:55] 	at test::Debug/button8_clickHandler()[G:\mit_projects\Line_3_4\TrainsRun\xt-sources\test\Debug.mxml:22] 	at test::Debug/___Debug_Button1_click()[G:\mit_projects\Line_3_4\TrainsRun\xt-sources\test\Debug.mxml:152]
2025-10-11 09:37:03 ERROR TypeError: Error #1009: Cannot access a property or method of a null object reference. 	at com.missiongroup.car.services::CMDServices/commandHandler()[G:\mit_projects\Line_3_4\MIT-TrainsRun-core2\xt-sources\com\missiongroup\car\services\CMDServices.as:158] 	at com.missiongroup.metro.servers::Services/set command()[G:\mit_projects\Line_3_4\core-metro-2012-11-13\st-source\com\missiongroup\metro\servers\Services.as:68] 	at test::Debug/sendMessage()[G:\mit_projects\Line_3_4\TrainsRun\xt-sources\test\Debug.mxml:55] 	at test::Debug/button8_clickHandler()[G:\mit_projects\Line_3_4\TrainsRun\xt-sources\test\Debug.mxml:22] 	at test::Debug/___Debug_Button1_click()[G:\mit_projects\Line_3_4\TrainsRun\xt-sources\test\Debug.mxml:152]
2025-10-11 09:37:09 ERROR TypeError: Error #1009: Cannot access a property or method of a null object reference. 	at com.missiongroup.car.services::CMDServices/commandHandler()[G:\mit_projects\Line_3_4\MIT-TrainsRun-core2\xt-sources\com\missiongroup\car\services\CMDServices.as:158] 	at com.missiongroup.metro.servers::Services/set command()[G:\mit_projects\Line_3_4\core-metro-2012-11-13\st-source\com\missiongroup\metro\servers\Services.as:68] 	at test::Debug/sendMessage()[G:\mit_projects\Line_3_4\TrainsRun\xt-sources\test\Debug.mxml:55] 	at test::Debug/button8_clickHandler()[G:\mit_projects\Line_3_4\TrainsRun\xt-sources\test\Debug.mxml:22] 	at test::Debug/___Debug_Button1_click()[G:\mit_projects\Line_3_4\TrainsRun\xt-sources\test\Debug.mxml:152]
2025-10-11 09:37:11 INFO Socket Connect Fail
2025-10-11 09:37:36 INFO Socket Connect Fail
2025-10-11 09:38:01 INFO Socket Connect Fail
2025-10-11 09:38:26 INFO Socket Connect Fail
2025-10-11 09:38:51 INFO Socket Connect Fail
2025-10-11 09:39:16 INFO Socket Connect Fail
2025-10-11 09:39:41 INFO Socket Connect Fail
2025-10-11 09:40:06 INFO Socket Connect Fail
2025-10-11 09:40:31 INFO Socket Connect Fail
2025-10-11 09:40:56 INFO Socket Connect Fail
2025-10-11 09:41:21 INFO Socket Connect Fail
2025-10-11 09:41:46 INFO Socket Connect Fail
2025-10-11 09:42:11 INFO Socket Connect Fail
2025-10-11 09:42:36 INFO Socket Connect Fail
2025-10-11 09:43:01 INFO Socket Connect Fail
2025-10-11 09:43:05 INFO 4 4 0 1 26 0 1 1 1 0 0 1 1 1
2025-10-11 09:43:11 INFO 4 4 0 1 1 0 1 1 1 0 0 1 1 1
2025-10-11 09:43:16 INFO 4 4 0 1 2 0 1 1 1 0 0 1 1 1
2025-10-11 09:43:26 INFO Socket Connect Fail
2025-10-11 09:43:51 INFO Socket Connect Fail
2025-10-11 09:44:16 INFO Socket Connect Fail
2025-10-11 09:44:42 INFO Socket Connect Fail
2025-10-11 09:44:54 INFO 4 4 0 1 3 0 1 1 1 0 0 1 1 1
2025-10-11 09:44:59 INFO 4 4 0 1 9 0 1 1 1 0 0 1 1 1
2025-10-11 09:45:07 INFO 4 4 0 1 10 0 1 1 1 0 0 1 1 1
2025-10-11 09:45:07 INFO Socket Connect Fail
2025-10-11 09:45:12 INFO 4 4 0 1 11 0 1 1 1 0 0 1 1 1
2025-10-11 09:45:17 INFO 4 4 0 1 13 0 1 1 1 0 0 1 1 1
2025-10-11 09:45:22 INFO 4 4 0 1 15 0 1 1 1 0 0 1 1 1
2025-10-11 09:45:32 ERROR TypeError: Error #1009: Cannot access a property or method of a null object reference. 	at com.missiongroup.car.services::CMDServices/commandHandler()[G:\mit_projects\Line_3_4\MIT-TrainsRun-core2\xt-sources\com\missiongroup\car\services\CMDServices.as:158] 	at com.missiongroup.metro.servers::Services/set command()[G:\mit_projects\Line_3_4\core-metro-2012-11-13\st-source\com\missiongroup\metro\servers\Services.as:68] 	at test::Debug/sendMessage()[G:\mit_projects\Line_3_4\TrainsRun\xt-sources\test\Debug.mxml:55] 	at test::Debug/button8_clickHandler()[G:\mit_projects\Line_3_4\TrainsRun\xt-sources\test\Debug.mxml:22] 	at test::Debug/___Debug_Button1_click()[G:\mit_projects\Line_3_4\TrainsRun\xt-sources\test\Debug.mxml:152]
2025-10-11 09:45:32 INFO Socket Connect Fail
2025-10-11 09:45:33 ERROR TypeError: Error #1009: Cannot access a property or method of a null object reference. 	at com.missiongroup.car.services::CMDServices/commandHandler()[G:\mit_projects\Line_3_4\MIT-TrainsRun-core2\xt-sources\com\missiongroup\car\services\CMDServices.as:158] 	at com.missiongroup.metro.servers::Services/set command()[G:\mit_projects\Line_3_4\core-metro-2012-11-13\st-source\com\missiongroup\metro\servers\Services.as:68] 	at test::Debug/sendMessage()[G:\mit_projects\Line_3_4\TrainsRun\xt-sources\test\Debug.mxml:55] 	at test::Debug/button8_clickHandler()[G:\mit_projects\Line_3_4\TrainsRun\xt-sources\test\Debug.mxml:22] 	at test::Debug/___Debug_Button1_click()[G:\mit_projects\Line_3_4\TrainsRun\xt-sources\test\Debug.mxml:152]
2025-10-11 09:45:36 ERROR TypeError: Error #1009: Cannot access a property or method of a null object reference. 	at com.missiongroup.car.services::CMDServices/commandHandler()[G:\mit_projects\Line_3_4\MIT-TrainsRun-core2\xt-sources\com\missiongroup\car\services\CMDServices.as:158] 	at com.missiongroup.metro.servers::Services/set command()[G:\mit_projects\Line_3_4\core-metro-2012-11-13\st-source\com\missiongroup\metro\servers\Services.as:68] 	at test::Debug/sendMessage()[G:\mit_projects\Line_3_4\TrainsRun\xt-sources\test\Debug.mxml:55] 	at test::Debug/button8_clickHandler()[G:\mit_projects\Line_3_4\TrainsRun\xt-sources\test\Debug.mxml:22] 	at test::Debug/___Debug_Button1_click()[G:\mit_projects\Line_3_4\TrainsRun\xt-sources\test\Debug.mxml:152]
2025-10-11 09:45:37 ERROR TypeError: Error #1009: Cannot access a property or method of a null object reference. 	at com.missiongroup.car.services::CMDServices/commandHandler()[G:\mit_projects\Line_3_4\MIT-TrainsRun-core2\xt-sources\com\missiongroup\car\services\CMDServices.as:158] 	at com.missiongroup.metro.servers::Services/set command()[G:\mit_projects\Line_3_4\core-metro-2012-11-13\st-source\com\missiongroup\metro\servers\Services.as:68] 	at test::Debug/sendMessage()[G:\mit_projects\Line_3_4\TrainsRun\xt-sources\test\Debug.mxml:55] 	at test::Debug/button8_clickHandler()[G:\mit_projects\Line_3_4\TrainsRun\xt-sources\test\Debug.mxml:22] 	at test::Debug/___Debug_Button1_click()[G:\mit_projects\Line_3_4\TrainsRun\xt-sources\test\Debug.mxml:152]
2025-10-11 09:45:57 INFO Socket Connect Fail
2025-10-11 09:46:21 INFO 4 4 0 1 17 0 1 1 1 0 0 1 1 1
2025-10-11 09:46:22 INFO Socket Connect Fail
2025-10-11 09:46:44 INFO ServicesManager [setting]:0
2025-10-11 09:46:44 INFO ServicesManager [setting]:0
2025-10-11 09:46:59 INFO 4 4 0 1 12 0 1 1 1 0 0 1 1 1
2025-10-11 09:47:04 INFO Socket Connect Fail
2025-10-11 09:47:06 INFO 4 4 0 1 17 0 1 1 1 0 0 1 1 1
2025-10-11 09:47:29 INFO Socket Connect Fail
2025-10-11 09:47:54 INFO Socket Connect Fail
2025-10-11 09:48:19 INFO Socket Connect Fail
2025-10-11 09:48:44 INFO Socket Connect Fail
2025-10-11 09:49:10 INFO Socket Connect Fail
2025-10-11 09:49:35 INFO Socket Connect Fail
2025-10-11 09:50:00 INFO Socket Connect Fail
2025-10-11 09:50:25 INFO Socket Connect Fail
2025-10-11 09:50:50 INFO Socket Connect Fail
2025-10-11 09:51:15 INFO Socket Connect Fail
2025-10-11 09:51:40 INFO Socket Connect Fail
2025-10-11 09:52:05 INFO Socket Connect Fail
2025-10-11 09:52:30 INFO Socket Connect Fail
2025-10-11 09:52:55 INFO Socket Connect Fail
2025-10-11 09:53:20 INFO Socket Connect Fail
2025-10-11 09:53:45 INFO Socket Connect Fail
2025-10-11 09:54:10 INFO Socket Connect Fail
2025-10-11 09:54:35 INFO Socket Connect Fail
2025-10-11 09:55:00 INFO Socket Connect Fail
2025-10-11 09:55:25 INFO Socket Connect Fail
2025-10-11 09:55:50 INFO Socket Connect Fail
2025-10-11 09:56:15 INFO Socket Connect Fail
2025-10-11 09:56:40 INFO Socket Connect Fail
2025-10-11 09:57:05 INFO Socket Connect Fail
2025-10-11 09:57:30 INFO Socket Connect Fail
2025-10-11 09:57:55 INFO Socket Connect Fail
2025-10-11 09:58:20 INFO Socket Connect Fail
2025-10-11 09:58:46 INFO Socket Connect Fail
2025-10-11 09:59:11 INFO Socket Connect Fail
2025-10-11 09:59:36 INFO Socket Connect Fail
2025-10-11 10:00:01 INFO Socket Connect Fail
2025-10-13 13:26:17 INFO ServicesManager [setting]:0
2025-10-13 13:26:17 INFO ServicesManager [setting]:0
2025-10-13 13:26:21 INFO 6 4 0 20 20 11 1 0 1 0 0 1 1 1
2025-10-13 13:26:26 INFO 2 4 1 1 11 0 1 1 0 0 0 1 1 0
2025-10-13 13:26:32 INFO 4 4 1 1 11 0 1 1 0 0 0 1 1 0
2025-10-13 13:26:37 INFO Socket Connect Fail
2025-10-13 13:26:41 INFO 4 4 1 1 12 0 1 1 0 0 0 1 1 0
2025-10-13 13:26:50 INFO 4 4 1 1 12 0 1 1 0 0 0 1 1 0
2025-10-13 13:26:52 INFO 4 4 1 1 12 0 1 1 0 0 0 1 1 0
2025-10-13 13:27:02 INFO Socket Connect Fail
2025-10-13 13:27:04 INFO 6 4 1 11 11 10 1 0 0 0 0 1 1 0
2025-10-13 13:27:16 INFO 2 4 0 1 1 0 1 1 0 0 0 1 1 0
2025-10-13 13:27:25 INFO 2 4 1 1 1 0 1 1 0 0 0 1 1 0
2025-10-13 13:27:27 INFO Socket Connect Fail
2025-10-13 13:27:32 INFO 2 4 0 1 1 1 2 0 0 0 0 1 1 1
2025-10-13 13:27:37 INFO 2 4 1 1 1 0 1 1 0 0 0 1 1 0
2025-10-15 13:18:38 INFO ServicesManager [setting]:0
2025-10-15 13:18:38 INFO ServicesManager [setting]:0
2025-10-15 13:18:43 INFO 2 4_2 1 31 31 31 1 0 0 0 1 0 1 0
2025-10-15 13:18:58 INFO Socket Connect Fail
2025-10-15 13:19:23 INFO Socket Connect Fail
2025-10-15 13:19:48 INFO Socket Connect Fail
2025-10-15 13:20:13 INFO Socket Connect Fail
2025-10-15 13:20:38 INFO Socket Connect Fail
2025-11-26 15:32:41 INFO ServicesManager [setting]:0
2025-11-26 15:32:41 INFO ServicesManager [setting]:0
2025-11-26 15:32:44 INFO 2 4_2 1 31 31 31 1 0 0 0 1 0 1 0
2025-11-26 15:32:46 INFO 2 4_2 1 31 31 31 1 0 0 0 1 0 1 0
2025-11-26 15:32:51 INFO 6 4_2 1 26 26 9 1 0 0 0 1 0 1 0
2025-11-26 15:33:01 INFO Socket Connect Fail
2025-11-26 15:33:05 INFO 2 4_2 1 31 31 31 1 0 0 0 1 0 1 0
2025-11-26 15:33:06 INFO 6 4_2 1 26 26 9 1 0 0 0 1 0 1 0
2025-11-26 15:33:07 INFO 6 4_2 1 26 9 9 1 0 0 0 1 0 1 0
2025-11-26 15:33:07 INFO 2 4_2 1 5 6 5 1 0 0 0 1 0 1 0
2025-11-26 15:33:09 INFO 2 4_2 0 0 1 2 48 0 0 0 1 0 1 0
2025-11-26 15:33:09 INFO 2 4_2 1 1 2 3 29 0 0 0 1 0 1 0
2025-11-26 15:33:10 ERROR TypeError: Error #1009: Cannot access a property or method of a null object reference. 	at com.missiongroup.car.services::CMDServices/commandHandler()[G:\mit_projects\Line_3_4\MIT-TrainsRun-core2\xt-sources\com\missiongroup\car\services\CMDServices.as:158] 	at com.missiongroup.metro.servers::Services/set command()[G:\mit_projects\Line_3_4\core-metro-2012-11-13\st-source\com\missiongroup\metro\servers\Services.as:68] 	at test::Debug/sendMessage()[G:\mit_projects\Line_3_4\TrainsRun\xt-sources\test\Debug.mxml:55] 	at test::Debug/button10_clickHandler()[G:\mit_projects\Line_3_4\TrainsRun\xt-sources\test\Debug.mxml:133] 	at test::Debug/___Debug_Button2_click()[G:\mit_projects\Line_3_4\TrainsRun\xt-sources\test\Debug.mxml:153]
2025-11-26 15:33:12 INFO 4 4_2 0 1 2 3 29 0 0 0 1 0 1 0
2025-11-26 15:33:12 INFO 6 3 0 1 1 2 29 0 0 0 1 0 1 0
2025-11-26 15:33:15 INFO 6 3 1 21 21 20 1 0 0 0 1 0 1 0
2025-11-26 15:33:15 INFO 6 3 0 1 1 2 21 0 0 0 1 0 1 0
2025-11-26 15:33:16 INFO 6 3 1 21 21 20 1 0 0 0 1 0 1 0
2025-11-26 15:33:17 INFO 6 3 1 29 29 28 1 0 0 0 1 0 1 0
2025-11-26 15:33:17 INFO 2 4_2 1 31 31 31 1 0 0 0 1 0 1 0
2025-11-26 15:33:26 INFO Socket Connect Fail
2025-11-26 15:33:51 INFO Socket Connect Fail
2025-11-26 15:34:16 INFO Socket Connect Fail
2025-11-26 15:34:41 INFO Socket Connect Fail
2025-11-26 15:35:06 INFO Socket Connect Fail
2025-11-26 15:35:31 INFO Socket Connect Fail
2025-11-26 15:35:56 INFO Socket Connect Fail
2025-11-26 15:36:21 INFO Socket Connect Fail
2025-11-26 15:36:46 INFO Socket Connect Fail
2025-11-26 15:37:11 INFO Socket Connect Fail
2025-11-26 15:37:36 INFO Socket Connect Fail
2025-11-26 15:38:01 INFO Socket Connect Fail
2025-11-26 15:38:27 INFO Socket Connect Fail
2025-11-26 15:46:12 INFO ServicesManager [setting]:0
2025-11-26 15:46:13 INFO ServicesManager [setting]:0
2025-11-26 15:46:15 INFO 2 4_2 1 31 31 31 1 0 0 0 1 0 1 0
2025-11-26 15:46:24 INFO 6 4_2 1 26 26 9 1 0 0 0 1 0 1 0
2025-11-26 15:46:33 INFO Socket Connect Fail
2025-11-26 15:46:58 INFO Socket Connect Fail
2025-11-26 15:47:23 INFO Socket Connect Fail
2025-11-26 15:47:48 INFO Socket Connect Fail
2025-11-26 15:48:13 INFO Socket Connect Fail
2025-11-26 15:48:19 INFO ServicesManager [setting]:0
2025-11-26 15:48:19 INFO ServicesManager [setting]:0
2025-11-26 15:48:25 INFO 6 4_2 1 26 26 9 1 0 0 0 1 0 1 0
2025-11-26 15:48:39 INFO Socket Connect Fail
2025-11-26 15:49:04 INFO Socket Connect Fail
2025-11-26 15:49:29 INFO Socket Connect Fail
2025-11-26 15:52:15 INFO 6 4_2 1 26 26 9 1 0 0 0 1 0 1 0
2025-11-26 15:54:01 INFO Socket Connect Fail
2025-11-26 15:54:23 INFO 6 4_2 1 26 26 9 1 0 0 0 1 0 1 0
2025-11-26 15:55:09 INFO Socket Connect Fail
2025-11-26 15:55:31 INFO 6 4_2 1 26 26 9 1 0 0 0 1 0 1 0
2025-11-26 15:55:36 INFO Socket Connect Fail
2025-11-26 15:56:01 INFO Socket Connect Fail
2025-11-26 15:56:26 INFO Socket Connect Fail
2025-11-26 15:56:51 INFO Socket Connect Fail
2025-11-26 15:57:16 INFO Socket Connect Fail
2025-11-26 15:57:42 INFO Socket Connect Fail
2025-11-26 15:58:07 INFO Socket Connect Fail
2025-11-26 15:58:22 INFO 6 4_2 1 26 26 9 1 0 0 0 1 0 1 0
2025-11-26 15:59:55 INFO Socket Connect Fail
2025-11-26 16:00:02 INFO 6 4_2 1 26 26 9 1 0 0 0 1 0 1 0
2025-11-26 16:03:30 INFO Socket Connect Fail
2025-11-26 16:03:55 INFO Socket Connect Fail
2025-11-26 16:04:20 INFO Socket Connect Fail
2025-11-26 16:04:45 INFO Socket Connect Fail
2025-11-26 16:05:10 INFO Socket Connect Fail
2025-11-26 16:05:35 INFO Socket Connect Fail
2025-11-26 16:06:00 INFO Socket Connect Fail
2025-11-26 16:06:25 INFO Socket Connect Fail
2025-11-26 16:06:50 INFO Socket Connect Fail
2025-11-26 16:07:15 INFO Socket Connect Fail
2025-11-26 16:07:40 INFO Socket Connect Fail
2025-11-26 16:08:06 INFO Socket Connect Fail
2025-11-26 16:08:31 INFO Socket Connect Fail
2025-11-26 16:08:56 INFO Socket Connect Fail
2025-11-26 16:09:21 INFO Socket Connect Fail
2025-11-26 16:09:46 INFO Socket Connect Fail
2025-11-26 16:10:11 INFO Socket Connect Fail
2025-11-26 16:10:36 INFO Socket Connect Fail
2025-11-26 16:11:01 INFO Socket Connect Fail
2025-11-26 16:11:26 INFO Socket Connect Fail
2025-11-26 16:11:51 INFO Socket Connect Fail
2025-11-26 16:12:16 INFO Socket Connect Fail
2025-11-26 16:12:41 INFO Socket Connect Fail
2025-11-26 16:13:06 INFO Socket Connect Fail
2025-11-26 16:13:31 INFO Socket Connect Fail
2025-11-26 16:13:56 INFO Socket Connect Fail
2025-11-26 16:14:21 INFO Socket Connect Fail
2025-11-26 16:14:46 INFO Socket Connect Fail
2025-11-26 16:15:11 INFO Socket Connect Fail
2025-11-26 16:15:36 INFO Socket Connect Fail
2025-11-26 16:16:01 INFO Socket Connect Fail
2025-11-26 16:16:27 INFO Socket Connect Fail
2025-11-26 16:16:52 INFO Socket Connect Fail
2025-11-26 16:17:17 INFO Socket Connect Fail
2025-11-26 16:17:42 INFO Socket Connect Fail
2025-11-26 16:18:07 INFO Socket Connect Fail
2025-11-26 16:18:32 INFO Socket Connect Fail
2025-11-26 16:18:57 INFO Socket Connect Fail
2025-11-26 16:19:22 INFO Socket Connect Fail
2025-11-26 16:19:47 INFO Socket Connect Fail
2025-11-26 16:20:12 INFO Socket Connect Fail
2025-11-26 16:20:37 INFO Socket Connect Fail
2025-11-26 16:21:02 INFO Socket Connect Fail
2025-11-26 16:21:27 INFO Socket Connect Fail
2025-11-26 16:21:52 INFO Socket Connect Fail
2025-11-26 16:22:17 INFO Socket Connect Fail
2025-11-26 16:22:42 INFO Socket Connect Fail
2025-11-26 16:23:07 INFO Socket Connect Fail
2025-11-26 16:23:32 INFO Socket Connect Fail
2025-11-26 16:23:57 INFO Socket Connect Fail
2025-11-26 16:24:22 INFO Socket Connect Fail
2025-11-26 16:24:47 INFO Socket Connect Fail
2025-11-26 16:25:12 INFO Socket Connect Fail
2025-11-26 16:25:38 INFO Socket Connect Fail
2025-11-26 16:26:03 INFO Socket Connect Fail
2025-11-26 16:26:28 INFO Socket Connect Fail
2025-11-26 16:26:53 INFO Socket Connect Fail
2025-11-26 16:27:18 INFO Socket Connect Fail
2025-11-26 16:27:43 INFO Socket Connect Fail
2025-11-26 16:28:08 INFO Socket Connect Fail
2025-11-26 16:28:33 INFO Socket Connect Fail
2025-11-26 16:28:58 INFO Socket Connect Fail
2025-11-26 16:29:23 INFO Socket Connect Fail
2025-11-26 16:29:48 INFO Socket Connect Fail
2025-11-26 16:30:13 INFO Socket Connect Fail
2025-11-26 16:30:38 INFO Socket Connect Fail
2025-11-26 16:31:03 INFO Socket Connect Fail
2025-11-26 16:31:28 INFO Socket Connect Fail
2025-11-26 16:31:53 INFO Socket Connect Fail
2025-11-26 16:32:18 INFO Socket Connect Fail
2025-11-26 16:32:43 INFO Socket Connect Fail
2025-11-26 16:33:08 INFO Socket Connect Fail
2025-11-26 16:33:34 INFO Socket Connect Fail
2025-11-26 16:33:59 INFO Socket Connect Fail
2025-11-26 16:34:24 INFO Socket Connect Fail
2025-11-26 16:34:49 INFO Socket Connect Fail
2025-11-26 16:35:14 INFO Socket Connect Fail
2025-11-26 16:35:39 INFO Socket Connect Fail
2025-11-26 16:36:04 INFO Socket Connect Fail
2025-11-26 16:36:29 INFO Socket Connect Fail
2025-11-26 16:36:54 INFO Socket Connect Fail
2025-11-26 16:37:19 INFO Socket Connect Fail
2025-11-26 16:37:44 INFO Socket Connect Fail
2025-11-26 16:38:09 INFO Socket Connect Fail
2025-11-26 16:38:34 INFO Socket Connect Fail
2025-11-26 16:38:59 INFO Socket Connect Fail
2025-11-26 16:39:24 INFO Socket Connect Fail
2025-11-26 16:39:49 INFO Socket Connect Fail
2025-11-26 16:40:14 INFO Socket Connect Fail
2025-11-26 16:40:39 INFO Socket Connect Fail
2025-11-26 16:41:04 INFO Socket Connect Fail
2025-11-26 16:41:29 INFO Socket Connect Fail
2025-11-26 16:41:55 INFO Socket Connect Fail
2025-11-26 16:42:20 INFO Socket Connect Fail
2025-11-26 16:42:45 INFO Socket Connect Fail
2025-11-26 16:43:10 INFO Socket Connect Fail
2025-11-26 16:43:35 INFO Socket Connect Fail
2025-11-26 16:44:00 INFO Socket Connect Fail
2025-11-26 16:44:25 INFO Socket Connect Fail
2025-11-26 16:44:50 INFO Socket Connect Fail
2025-11-26 16:45:15 INFO Socket Connect Fail
2025-11-26 16:45:40 INFO Socket Connect Fail
2025-11-26 16:46:05 INFO Socket Connect Fail
2025-11-26 16:46:30 INFO Socket Connect Fail
2025-11-26 16:46:55 INFO Socket Connect Fail
2025-11-26 16:47:20 INFO Socket Connect Fail
2025-11-26 16:47:45 INFO Socket Connect Fail
2025-11-26 16:48:10 INFO Socket Connect Fail
2025-11-26 16:48:35 INFO Socket Connect Fail
2025-11-26 16:49:00 INFO Socket Connect Fail
2025-11-26 16:49:25 INFO Socket Connect Fail
2025-11-26 16:49:50 INFO Socket Connect Fail
2025-11-26 16:50:16 INFO Socket Connect Fail
2025-11-26 16:50:41 INFO Socket Connect Fail
2025-11-26 16:51:06 INFO Socket Connect Fail
2025-11-26 16:51:31 INFO Socket Connect Fail
2025-11-26 16:51:56 INFO Socket Connect Fail
2025-11-26 16:52:21 INFO Socket Connect Fail
2025-11-26 16:52:46 INFO Socket Connect Fail
2025-11-26 16:53:11 INFO Socket Connect Fail
2025-11-26 16:53:36 INFO Socket Connect Fail
2025-11-26 16:54:01 INFO Socket Connect Fail
2025-11-26 16:54:26 INFO Socket Connect Fail
2025-11-26 16:54:51 INFO Socket Connect Fail
2025-11-26 16:55:16 INFO Socket Connect Fail
2025-11-26 16:55:41 INFO Socket Connect Fail
2025-11-26 16:56:06 INFO Socket Connect Fail
2025-11-26 16:56:31 INFO Socket Connect Fail
2025-11-26 16:56:56 INFO Socket Connect Fail
2025-11-26 16:57:21 INFO Socket Connect Fail
2025-11-26 16:57:46 INFO Socket Connect Fail
2025-11-26 16:58:12 INFO Socket Connect Fail
2025-11-26 16:58:37 INFO Socket Connect Fail
2025-11-26 16:59:02 INFO Socket Connect Fail
2025-11-26 16:59:27 INFO Socket Connect Fail
2025-11-26 16:59:52 INFO Socket Connect Fail
2025-11-26 17:00:17 INFO Socket Connect Fail
2025-11-26 17:00:42 INFO Socket Connect Fail
2025-11-26 17:01:07 INFO Socket Connect Fail
2025-11-26 17:01:32 INFO Socket Connect Fail
2025-11-26 17:01:57 INFO Socket Connect Fail
2025-11-26 17:02:22 INFO Socket Connect Fail
2025-11-26 17:02:47 INFO Socket Connect Fail
2025-11-26 17:03:12 INFO Socket Connect Fail
2025-11-26 17:03:37 INFO Socket Connect Fail
2025-11-26 17:04:02 INFO Socket Connect Fail
2025-11-26 17:04:27 INFO Socket Connect Fail
2025-11-26 17:04:52 INFO Socket Connect Fail
2025-11-26 17:05:17 INFO Socket Connect Fail
2025-11-26 17:05:42 INFO Socket Connect Fail
2025-11-26 17:06:08 INFO Socket Connect Fail
2025-11-26 17:06:33 INFO Socket Connect Fail
2025-11-26 17:06:58 INFO Socket Connect Fail
2025-11-26 17:07:23 INFO Socket Connect Fail
2025-11-26 17:07:48 INFO Socket Connect Fail
2025-11-26 17:08:13 INFO Socket Connect Fail
2025-11-26 17:08:38 INFO Socket Connect Fail
2025-11-26 17:09:03 INFO Socket Connect Fail
2025-11-26 17:09:28 INFO Socket Connect Fail
2025-11-26 17:09:53 INFO Socket Connect Fail
2025-11-26 17:10:18 INFO Socket Connect Fail
2025-11-26 17:10:43 INFO Socket Connect Fail
2025-11-26 17:11:08 INFO Socket Connect Fail
2025-11-26 17:11:33 INFO Socket Connect Fail
2025-11-26 17:11:58 INFO Socket Connect Fail
2025-11-26 17:12:23 INFO Socket Connect Fail
2025-11-26 17:12:48 INFO Socket Connect Fail
2025-11-26 17:13:13 INFO Socket Connect Fail
2025-11-26 17:13:38 INFO Socket Connect Fail
2025-11-26 17:14:04 INFO Socket Connect Fail
2025-11-26 17:14:29 INFO Socket Connect Fail
2025-11-26 17:14:54 INFO Socket Connect Fail
2025-11-26 17:15:19 INFO Socket Connect Fail
2025-11-26 17:15:44 INFO Socket Connect Fail
2025-11-26 17:16:09 INFO Socket Connect Fail
2025-11-26 17:16:34 INFO Socket Connect Fail
2025-11-27 11:06:27 INFO ServicesManager [setting]:0
2025-11-27 11:06:27 INFO ServicesManager [setting]:0
2025-11-27 11:06:47 INFO Socket Connect Fail
2025-11-27 11:07:12 INFO Socket Connect Fail
2025-11-27 11:07:37 INFO Socket Connect Fail
2025-11-27 11:08:02 INFO Socket Connect Fail
2025-11-27 11:08:27 INFO Socket Connect Fail
2025-11-27 11:08:52 INFO Socket Connect Fail
2025-11-27 11:08:53 INFO 4 4 0 1 18 19 38 1 0 0 0 0 1 1
2025-11-27 11:09:17 INFO Socket Connect Fail
2025-11-27 11:09:32 INFO 4 4 0 1 9 19 38 1 0 0 0 0 1 1
2025-11-27 11:09:42 INFO Socket Connect Fail
2025-11-27 11:09:43 INFO 4 4 0 1 16 19 38 1 0 0 0 0 1 1
2025-11-27 11:09:49 INFO 4 4 0 1 10 19 38 1 0 0 0 0 1 1
2025-11-27 11:09:55 INFO 4 4 0 1 11 19 38 1 0 0 0 0 1 1
2025-11-27 11:10:01 INFO 4 4 0 1 12 19 38 1 0 0 0 0 1 1
2025-11-27 11:10:07 INFO Socket Connect Fail
2025-11-27 11:10:08 INFO 4 4 0 1 12 13 38 1 0 0 0 0 1 1
2025-11-27 11:10:18 INFO 4 4 0 1 12 13 26 1 0 0 0 0 1 1
2025-11-27 11:10:32 INFO Socket Connect Fail
2025-11-27 11:10:57 INFO Socket Connect Fail
2025-11-27 11:11:22 INFO Socket Connect Fail
2025-11-27 11:11:47 INFO Socket Connect Fail
2025-11-27 11:12:12 INFO Socket Connect Fail
2025-11-27 11:12:37 INFO Socket Connect Fail
2025-11-27 11:13:02 INFO Socket Connect Fail
2025-11-27 11:13:27 INFO Socket Connect Fail
2025-11-27 11:13:53 INFO Socket Connect Fail
2025-11-27 11:14:18 INFO Socket Connect Fail
2025-11-27 11:14:43 INFO Socket Connect Fail
2025-11-27 11:15:08 INFO Socket Connect Fail
2025-11-27 11:15:33 INFO Socket Connect Fail
2025-11-27 11:15:58 INFO Socket Connect Fail
2025-11-27 11:16:23 INFO Socket Connect Fail
2025-11-27 11:16:48 INFO Socket Connect Fail
2025-11-27 11:17:13 INFO Socket Connect Fail
2025-11-27 11:17:38 INFO Socket Connect Fail
2025-11-27 11:18:03 INFO Socket Connect Fail
2025-11-27 11:18:28 INFO Socket Connect Fail
2025-11-27 11:18:53 INFO Socket Connect Fail
2025-11-27 11:19:18 INFO Socket Connect Fail
2025-11-27 11:19:43 INFO Socket Connect Fail
2025-11-27 11:20:08 INFO Socket Connect Fail
2025-11-27 11:20:33 INFO Socket Connect Fail
2025-11-27 11:20:58 INFO Socket Connect Fail
2025-11-27 11:21:23 INFO Socket Connect Fail
2025-11-27 11:21:48 INFO Socket Connect Fail
2025-11-27 11:22:13 INFO Socket Connect Fail
2025-11-27 11:22:38 INFO Socket Connect Fail
2025-11-27 11:23:04 INFO Socket Connect Fail
2025-11-27 11:23:29 INFO Socket Connect Fail
2025-11-27 11:23:54 INFO Socket Connect Fail
2025-11-27 11:24:19 INFO Socket Connect Fail
2025-11-27 11:24:44 INFO Socket Connect Fail
2025-11-27 11:25:09 INFO Socket Connect Fail
2025-11-27 11:25:34 INFO Socket Connect Fail
2025-11-27 11:25:59 INFO Socket Connect Fail
2025-11-27 11:26:24 INFO Socket Connect Fail
2025-11-27 11:26:49 INFO Socket Connect Fail
2025-11-27 11:27:14 INFO Socket Connect Fail
2025-11-27 11:27:39 INFO Socket Connect Fail
2025-11-27 11:28:04 INFO Socket Connect Fail
2025-11-27 11:28:29 INFO Socket Connect Fail
2025-11-27 11:28:54 INFO Socket Connect Fail
2025-11-27 11:29:19 INFO Socket Connect Fail
2025-11-27 11:29:44 INFO Socket Connect Fail
2025-11-27 11:30:09 INFO Socket Connect Fail
2025-11-27 11:30:35 INFO Socket Connect Fail
2025-11-27 11:31:00 INFO Socket Connect Fail
2025-11-27 11:31:25 INFO Socket Connect Fail
2025-11-27 11:31:50 INFO Socket Connect Fail
2025-11-27 11:32:15 INFO Socket Connect Fail
2025-11-27 11:32:40 INFO Socket Connect Fail
2025-11-27 11:33:05 INFO Socket Connect Fail
2025-11-27 11:33:30 INFO Socket Connect Fail
2025-11-27 11:33:55 INFO Socket Connect Fail
2025-11-27 11:34:20 INFO Socket Connect Fail
2025-11-27 11:34:45 INFO Socket Connect Fail
2025-11-27 11:35:10 INFO Socket Connect Fail
2025-11-27 11:35:35 INFO Socket Connect Fail
2025-11-27 11:36:00 INFO Socket Connect Fail
2025-11-27 11:36:25 INFO Socket Connect Fail
2025-11-27 11:36:50 INFO Socket Connect Fail
2025-11-27 11:37:15 INFO Socket Connect Fail
2025-11-27 11:37:40 INFO Socket Connect Fail
2025-11-27 11:38:05 INFO Socket Connect Fail
2025-11-27 11:38:31 INFO Socket Connect Fail
2025-11-27 11:38:56 INFO Socket Connect Fail
2025-11-27 11:39:21 INFO Socket Connect Fail
2025-11-27 11:39:46 INFO Socket Connect Fail
2025-11-27 11:40:11 INFO Socket Connect Fail
2025-11-27 11:40:36 INFO Socket Connect Fail
2025-11-27 11:41:01 INFO Socket Connect Fail
2025-11-27 11:41:26 INFO Socket Connect Fail
2025-11-27 11:41:51 INFO Socket Connect Fail
2025-11-27 11:42:16 INFO Socket Connect Fail
2025-11-27 11:42:41 INFO Socket Connect Fail
2025-11-27 11:43:06 INFO Socket Connect Fail
2025-11-27 11:43:31 INFO Socket Connect Fail
2025-11-27 11:43:56 INFO Socket Connect Fail
2025-11-27 11:44:21 INFO Socket Connect Fail
2025-11-27 11:44:46 INFO Socket Connect Fail
2025-11-27 11:45:11 INFO Socket Connect Fail
2025-11-27 11:45:36 INFO Socket Connect Fail
2025-11-27 11:46:01 INFO Socket Connect Fail
2025-11-27 11:46:27 INFO Socket Connect Fail
2025-11-27 11:46:52 INFO Socket Connect Fail
2025-11-27 11:47:17 INFO Socket Connect Fail
2025-11-27 11:47:42 INFO Socket Connect Fail
2025-11-27 11:48:07 INFO Socket Connect Fail
2025-11-27 11:48:32 INFO Socket Connect Fail
2025-11-27 11:48:57 INFO Socket Connect Fail
2025-11-27 11:49:22 INFO Socket Connect Fail
2025-11-27 11:49:47 INFO Socket Connect Fail
2025-11-27 11:50:12 INFO Socket Connect Fail
2025-11-27 11:50:37 INFO Socket Connect Fail
2025-11-27 11:51:02 INFO Socket Connect Fail
2025-11-27 11:51:27 INFO Socket Connect Fail
2025-11-27 11:51:52 INFO Socket Connect Fail
2025-11-27 11:52:17 INFO Socket Connect Fail
2025-11-27 11:52:42 INFO Socket Connect Fail
2025-11-27 11:53:07 INFO Socket Connect Fail
2025-11-27 11:53:33 INFO Socket Connect Fail
2025-11-27 11:53:58 INFO Socket Connect Fail
2025-11-27 11:54:23 INFO Socket Connect Fail
2025-11-27 11:54:48 INFO Socket Connect Fail
2025-11-27 11:55:13 INFO Socket Connect Fail
2025-11-27 11:55:38 INFO Socket Connect Fail
2025-11-27 11:56:03 INFO Socket Connect Fail
2025-11-27 11:56:28 INFO Socket Connect Fail
2025-11-27 11:56:53 INFO Socket Connect Fail
2025-11-27 11:57:18 INFO Socket Connect Fail
2025-11-27 11:57:43 INFO Socket Connect Fail
2025-11-27 11:58:08 INFO Socket Connect Fail
2025-11-27 11:58:33 INFO Socket Connect Fail
2025-11-27 11:58:58 INFO Socket Connect Fail
2025-11-27 11:59:23 INFO Socket Connect Fail
2025-11-27 11:59:48 INFO Socket Connect Fail
2025-11-27 12:00:13 INFO Socket Connect Fail
2025-11-27 12:00:38 INFO Socket Connect Fail
2025-11-27 12:01:03 INFO Socket Connect Fail
2025-11-27 12:01:28 INFO Socket Connect Fail
2025-11-27 12:01:53 INFO Socket Connect Fail
2025-11-27 12:02:18 INFO Socket Connect Fail
2025-11-27 12:02:44 INFO Socket Connect Fail
2025-11-27 12:03:09 INFO Socket Connect Fail
2025-11-27 12:03:34 INFO Socket Connect Fail
2025-11-27 12:03:59 INFO Socket Connect Fail
2025-11-27 12:04:24 INFO Socket Connect Fail
2025-11-27 12:04:49 INFO Socket Connect Fail
2025-11-27 12:05:14 INFO Socket Connect Fail
2025-11-27 12:05:39 INFO Socket Connect Fail
2025-11-27 12:06:04 INFO Socket Connect Fail
2025-11-27 12:06:29 INFO Socket Connect Fail
2025-11-27 12:06:54 INFO Socket Connect Fail
2025-11-27 12:07:19 INFO Socket Connect Fail
2025-11-27 12:07:44 INFO Socket Connect Fail
2025-11-27 12:08:10 INFO Socket Connect Fail
2025-11-27 12:08:35 INFO Socket Connect Fail
2025-11-27 12:09:00 INFO Socket Connect Fail
2025-11-27 12:09:25 INFO Socket Connect Fail
2025-11-27 12:09:50 INFO Socket Connect Fail
2025-11-27 12:10:15 INFO Socket Connect Fail
2025-11-27 12:10:40 INFO Socket Connect Fail
2025-11-27 12:11:05 INFO Socket Connect Fail
2025-11-27 12:11:30 INFO Socket Connect Fail
2025-11-27 12:11:55 INFO Socket Connect Fail
2025-11-27 12:12:20 INFO Socket Connect Fail
2025-11-27 12:12:45 INFO Socket Connect Fail
2025-11-27 12:13:10 INFO Socket Connect Fail
2025-11-27 12:13:35 INFO Socket Connect Fail
2025-11-27 12:14:00 INFO Socket Connect Fail
2025-11-27 12:14:25 INFO Socket Connect Fail
2025-11-27 12:14:50 INFO Socket Connect Fail
2025-11-27 12:15:15 INFO Socket Connect Fail
2025-11-27 12:15:40 INFO Socket Connect Fail
2025-11-27 12:16:05 INFO Socket Connect Fail
2025-11-27 12:16:30 INFO Socket Connect Fail
2025-11-27 12:16:56 INFO Socket Connect Fail
2025-11-27 12:17:21 INFO Socket Connect Fail
2025-11-27 12:17:46 INFO Socket Connect Fail
2025-11-27 12:18:11 INFO Socket Connect Fail
2025-11-27 12:18:36 INFO Socket Connect Fail
2025-11-27 12:19:01 INFO Socket Connect Fail
2025-11-27 12:19:26 INFO Socket Connect Fail
2025-11-27 12:19:51 INFO Socket Connect Fail
2025-11-27 12:20:16 INFO Socket Connect Fail
2025-11-27 12:20:41 INFO Socket Connect Fail
2025-11-27 12:21:06 INFO Socket Connect Fail
2025-11-27 12:21:31 INFO Socket Connect Fail
2025-11-27 12:21:56 INFO Socket Connect Fail
2025-11-27 12:22:21 INFO Socket Connect Fail
2025-11-27 12:22:46 INFO Socket Connect Fail
2025-11-27 12:23:11 INFO Socket Connect Fail
2025-11-27 12:23:36 INFO Socket Connect Fail
2025-11-27 12:24:01 INFO Socket Connect Fail
2025-11-27 12:24:26 INFO Socket Connect Fail
2025-11-27 12:24:51 INFO Socket Connect Fail
2025-11-27 12:25:16 INFO Socket Connect Fail
2025-11-27 12:25:41 INFO Socket Connect Fail
2025-11-27 12:26:06 INFO Socket Connect Fail
2025-11-27 12:26:32 INFO Socket Connect Fail
2025-11-27 12:26:57 INFO Socket Connect Fail
2025-11-27 12:27:22 INFO Socket Connect Fail
2025-11-27 12:27:47 INFO Socket Connect Fail
2025-11-27 12:28:12 INFO Socket Connect Fail
2025-11-27 12:28:37 INFO Socket Connect Fail
2025-11-27 12:29:02 INFO Socket Connect Fail
2025-11-27 12:29:27 INFO Socket Connect Fail
2025-11-27 12:29:52 INFO Socket Connect Fail
2025-11-27 12:30:17 INFO Socket Connect Fail
2025-11-27 12:30:42 INFO Socket Connect Fail
2025-11-27 12:31:07 INFO Socket Connect Fail
2025-11-27 12:31:32 INFO Socket Connect Fail
2025-11-27 12:31:57 INFO Socket Connect Fail
2025-11-27 12:32:22 INFO Socket Connect Fail
2025-11-27 12:32:47 INFO Socket Connect Fail
2025-11-27 12:33:12 INFO Socket Connect Fail
2025-11-27 12:33:37 INFO Socket Connect Fail
2025-11-27 12:34:02 INFO Socket Connect Fail
2025-11-27 12:34:27 INFO Socket Connect Fail
2025-11-27 12:34:52 INFO Socket Connect Fail
2025-11-27 12:35:17 INFO Socket Connect Fail
2025-11-27 12:35:43 INFO Socket Connect Fail
2025-11-27 12:36:08 INFO Socket Connect Fail
2025-11-27 12:36:33 INFO Socket Connect Fail
2025-11-27 12:36:58 INFO Socket Connect Fail
2025-11-27 12:37:23 INFO Socket Connect Fail
2025-11-27 12:37:48 INFO Socket Connect Fail
2025-11-27 12:38:13 INFO Socket Connect Fail
2025-11-27 12:38:38 INFO Socket Connect Fail
2025-11-27 12:39:03 INFO Socket Connect Fail
2025-11-27 12:39:28 INFO Socket Connect Fail
2025-11-27 12:39:53 INFO Socket Connect Fail
2025-11-27 12:40:18 INFO Socket Connect Fail
2025-11-27 12:40:43 INFO Socket Connect Fail
2025-11-27 12:41:08 INFO Socket Connect Fail
2025-11-27 12:41:33 INFO Socket Connect Fail
2025-11-27 12:41:58 INFO Socket Connect Fail
2025-11-27 12:42:23 INFO Socket Connect Fail
2025-11-27 12:42:48 INFO Socket Connect Fail
2025-11-27 12:43:13 INFO Socket Connect Fail
2025-11-27 12:43:38 INFO Socket Connect Fail
2025-11-27 12:44:04 INFO Socket Connect Fail
2025-11-27 12:44:29 INFO Socket Connect Fail
2025-11-27 12:44:54 INFO Socket Connect Fail
2025-11-27 12:45:19 INFO Socket Connect Fail
2025-11-27 12:45:44 INFO Socket Connect Fail
2025-11-27 12:46:09 INFO Socket Connect Fail
2025-11-27 12:46:34 INFO Socket Connect Fail
2025-11-27 12:46:59 INFO Socket Connect Fail
2025-11-27 12:47:24 INFO Socket Connect Fail
2025-11-27 12:47:49 INFO Socket Connect Fail
2025-11-27 12:48:14 INFO Socket Connect Fail
2025-11-27 12:48:39 INFO Socket Connect Fail
2025-11-27 12:49:04 INFO Socket Connect Fail
2025-11-27 12:49:29 INFO Socket Connect Fail
2025-11-27 12:49:54 INFO Socket Connect Fail
2025-11-27 12:50:19 INFO Socket Connect Fail
2025-11-27 12:50:44 INFO Socket Connect Fail
2025-11-27 12:51:09 INFO Socket Connect Fail
2025-11-27 12:51:34 INFO Socket Connect Fail
2025-11-27 12:51:59 INFO Socket Connect Fail
2025-11-27 12:52:24 INFO Socket Connect Fail
2025-11-27 12:52:50 INFO Socket Connect Fail
2025-11-27 12:53:15 INFO Socket Connect Fail
2025-11-27 12:53:40 INFO Socket Connect Fail
2025-11-27 12:54:05 INFO Socket Connect Fail
2025-11-27 12:54:30 INFO Socket Connect Fail
2025-11-27 12:54:55 INFO Socket Connect Fail
2025-11-27 12:55:20 INFO Socket Connect Fail
2025-11-27 12:55:45 INFO Socket Connect Fail
2025-11-27 12:56:10 INFO Socket Connect Fail
2025-11-27 12:56:35 INFO Socket Connect Fail
2025-11-27 12:57:00 INFO Socket Connect Fail
2025-11-27 12:57:25 INFO Socket Connect Fail
2025-11-27 12:57:50 INFO Socket Connect Fail
2025-11-27 12:58:15 INFO Socket Connect Fail
2025-11-27 12:58:40 INFO Socket Connect Fail
2025-11-27 12:59:05 INFO Socket Connect Fail
2025-11-27 12:59:30 INFO Socket Connect Fail
2025-11-27 12:59:55 INFO Socket Connect Fail
2025-11-27 13:00:20 INFO Socket Connect Fail
2025-11-27 13:00:45 INFO Socket Connect Fail
2025-11-27 13:01:11 INFO Socket Connect Fail
2025-11-27 13:01:36 INFO Socket Connect Fail
2025-11-27 13:02:01 INFO Socket Connect Fail
2025-11-27 13:02:26 INFO Socket Connect Fail
2025-11-27 13:02:51 INFO Socket Connect Fail
2025-11-27 13:03:16 INFO Socket Connect Fail
2025-11-27 13:03:41 INFO Socket Connect Fail
2025-11-27 13:04:06 INFO Socket Connect Fail
2025-11-27 13:04:31 INFO Socket Connect Fail
2025-11-27 13:04:56 INFO Socket Connect Fail
2025-11-27 13:05:21 INFO Socket Connect Fail
2025-11-27 13:05:46 INFO Socket Connect Fail
2025-11-27 13:06:11 INFO Socket Connect Fail
2025-11-27 13:06:36 INFO Socket Connect Fail
2025-11-27 13:07:01 INFO Socket Connect Fail
2025-11-27 13:07:26 INFO Socket Connect Fail
2025-11-27 13:07:51 INFO Socket Connect Fail
2025-11-27 13:08:16 INFO Socket Connect Fail
2025-11-27 13:08:41 INFO Socket Connect Fail
2025-11-27 13:09:06 INFO Socket Connect Fail
2025-11-27 13:09:31 INFO Socket Connect Fail
2025-11-27 13:09:57 INFO Socket Connect Fail
2025-11-27 13:10:22 INFO Socket Connect Fail
2025-11-27 13:10:47 INFO Socket Connect Fail
2025-11-27 13:11:12 INFO Socket Connect Fail
2025-11-27 13:11:37 INFO Socket Connect Fail
2025-11-27 13:12:02 INFO Socket Connect Fail
2025-11-27 13:12:27 INFO Socket Connect Fail
2025-11-27 13:12:52 INFO Socket Connect Fail
2025-11-27 13:13:17 INFO Socket Connect Fail
2025-11-27 13:13:42 INFO Socket Connect Fail
2025-11-27 13:14:07 INFO Socket Connect Fail
2025-11-27 13:14:32 INFO Socket Connect Fail
2025-11-27 13:14:57 INFO Socket Connect Fail
2025-11-27 13:15:22 INFO Socket Connect Fail
2025-11-27 13:15:48 INFO Socket Connect Fail
2025-11-27 13:16:13 INFO Socket Connect Fail
2025-11-27 13:16:38 INFO Socket Connect Fail
2025-11-27 13:17:03 INFO Socket Connect Fail
2025-11-27 13:17:28 INFO Socket Connect Fail
2025-11-27 13:17:53 INFO Socket Connect Fail
2025-11-27 13:18:18 INFO Socket Connect Fail
2025-11-27 13:18:43 INFO Socket Connect Fail
2025-11-27 13:19:08 INFO Socket Connect Fail
2025-11-27 13:19:33 INFO Socket Connect Fail
2025-11-27 13:19:58 INFO Socket Connect Fail
2025-11-27 13:20:23 INFO Socket Connect Fail
2025-11-27 13:20:48 INFO Socket Connect Fail
2025-11-27 13:21:13 INFO Socket Connect Fail
2025-11-27 13:21:38 INFO Socket Connect Fail
2025-11-27 13:22:15 INFO ServicesManager [setting]:0
2025-11-27 13:22:15 INFO ServicesManager [setting]:0
2025-11-27 13:22:35 INFO Socket Connect Fail
2025-11-27 13:23:00 INFO Socket Connect Fail
2025-11-27 13:23:25 INFO Socket Connect Fail
2025-11-27 13:24:46 INFO 4 4 0 1 12 13 26 1 0 0 0 0 1 1
2025-11-27 13:25:42 INFO Socket Connect Fail
2025-11-27 13:26:07 INFO Socket Connect Fail
2025-11-27 13:26:32 INFO Socket Connect Fail
2025-11-27 13:26:57 INFO Socket Connect Fail
2025-11-27 13:27:22 INFO Socket Connect Fail
2025-11-27 13:27:47 INFO Socket Connect Fail
2025-11-27 13:28:12 INFO Socket Connect Fail
2025-11-27 13:28:37 INFO Socket Connect Fail
2025-11-27 13:29:02 INFO Socket Connect Fail
2025-11-27 13:29:17 INFO 4 4 0 1 12 13 26 1 0 0 0 0 1 1
2025-11-27 13:31:01 INFO Socket Connect Fail
2025-11-27 13:31:08 INFO 4 4 0 1 12 13 26 1 0 0 0 0 1 1
2025-11-27 13:48:51 INFO Socket Connect Fail
2025-11-27 13:49:13 INFO 4 4 0 1 12 13 26 1 0 0 0 0 1 1
2025-11-27 14:02:24 INFO Socket Connect Fail
2025-11-27 14:02:50 INFO Socket Connect Fail
2025-11-27 14:02:56 INFO 4 4 0 1 12 13 26 0 0 0 0 0 1 1
2025-11-27 14:03:13 INFO 4 4 0 1 12 13 26 1 0 0 0 0 1 1
2025-11-27 14:03:17 INFO Socket Connect Fail
2025-11-27 14:03:31 INFO 4 4 0 1 12 13 26 1 0 0 0 1 1 1
2025-11-27 14:03:42 INFO Socket Connect Fail
2025-11-27 14:04:08 INFO 4 4 0 1 12 13 26 1 0 0 0 0 0 1
2025-11-27 14:04:09 INFO Socket Connect Fail
2025-11-27 14:04:17 INFO 4 4 0 1 12 13 26 1 0 0 0 0 1 1
2025-11-27 14:04:34 INFO Socket Connect Fail
2025-11-27 14:04:59 INFO Socket Connect Fail
2025-11-27 14:05:24 INFO Socket Connect Fail
2025-11-27 14:05:49 INFO Socket Connect Fail
2025-11-27 14:06:14 INFO Socket Connect Fail
2025-11-27 14:06:40 INFO Socket Connect Fail
2025-11-27 14:07:05 INFO Socket Connect Fail
2025-11-27 14:07:30 INFO Socket Connect Fail
2025-11-27 14:07:57 INFO ServicesManager [setting]:0
2025-11-27 14:07:57 INFO ServicesManager [setting]:0
2025-11-27 14:08:11 INFO 4 4 0 1 12 13 26 1 0 0 0 0 1 1
2025-11-27 14:08:17 INFO 4 4 0 1 12 13 26 0 0 0 0 0 1 1
2025-11-27 14:08:17 INFO Socket Connect Fail
2025-11-27 14:08:22 INFO 4 4 0 1 12 13 26 0 0 0 0 0 0 1
2025-11-27 14:08:26 INFO 4 4 0 1 12 13 26 0 0 0 0 1 0 1
2025-11-27 14:08:37 INFO 4 4 0 1 12 13 26 0 0 0 0 0 1 1
2025-11-27 14:08:38 INFO 4 4 0 1 12 13 26 0 0 0 0 0 1 1
2025-11-27 14:08:42 INFO Socket Connect Fail
2025-11-27 14:08:47 INFO 4 4 0 1 12 13 26 1 0 0 0 0 1 1
2025-11-27 14:08:53 INFO 4 4 0 1 12 13 26 1 0 0 0 1 1 1
2025-11-27 14:08:56 INFO 4 4 0 1 12 13 26 1 0 0 0 1 0 1
2025-11-27 14:09:00 INFO 4 4 0 1 12 13 26 1 0 0 0 1 1 1
2025-11-27 14:09:07 INFO 4 4 0 1 12 13 26 1 0 0 0 0 1 1
2025-11-27 14:09:07 INFO Socket Connect Fail
2025-11-27 14:09:13 INFO 4 4 0 1 12 13 26 1 0 0 0 0 0 1
2025-11-27 14:09:27 INFO 4 4 0 1 12 13 26 0 0 0 0 0 0 1
2025-11-27 14:09:32 INFO Socket Connect Fail
2025-11-27 14:09:33 INFO 4 4 0 1 12 13 26 1 0 0 0 0 0 1
2025-11-27 14:09:36 INFO 4 4 0 1 12 13 26 1 0 0 0 0 1 1
2025-11-27 14:09:57 INFO Socket Connect Fail
2025-11-27 14:10:22 INFO Socket Connect Fail
2025-11-27 14:10:47 INFO Socket Connect Fail
2025-11-27 14:11:12 INFO Socket Connect Fail
2025-11-27 14:11:37 INFO Socket Connect Fail
2025-11-27 14:12:03 INFO Socket Connect Fail
2025-11-27 14:12:28 INFO Socket Connect Fail
2025-11-27 14:12:53 INFO Socket Connect Fail
2025-11-27 14:13:18 INFO Socket Connect Fail
2025-11-27 14:13:43 INFO Socket Connect Fail
2025-11-27 14:14:08 INFO Socket Connect Fail
2025-11-27 14:14:20 INFO ServicesManager [setting]:0
2025-11-27 14:14:20 INFO ServicesManager [setting]:0
2025-11-27 14:14:51 INFO 4 4 0 1 12 13 26 1 0 0 0 0 1 1
2025-11-27 14:21:30 INFO Socket Connect Fail
2025-11-27 14:21:41 INFO 4 4 0 1 12 13 26 1 0 0 0 0 2 1
2025-11-27 14:21:52 INFO 4 4 0 1 12 13 26 1 0 0 0 0 3 1
2025-11-27 14:21:55 INFO Socket Connect Fail
2025-11-27 14:22:00 INFO 4 4 0 1 12 13 26 1 0 0 0 0 4 1
2025-11-27 14:22:21 INFO Socket Connect Fail
2025-11-27 14:22:46 INFO Socket Connect Fail
2025-11-27 14:23:11 INFO Socket Connect Fail
2025-11-27 14:23:36 INFO Socket Connect Fail
2025-11-27 14:24:02 INFO Socket Connect Fail
2025-11-27 14:24:27 INFO Socket Connect Fail
2025-11-27 14:24:41 INFO 4 4 0 1 12 13 26 0 0 0 0 0 1 1
2025-11-27 14:24:53 INFO 4 4 0 1 12 13 26 2 0 0 0 0 1 1
2025-11-27 14:24:54 INFO Socket Connect Fail
2025-11-27 14:25:01 INFO 4 4 0 1 12 13 26 1 0 0 0 0 1 1
2025-11-27 14:25:19 INFO Socket Connect Fail
2025-11-27 14:25:44 INFO Socket Connect Fail
2025-11-27 14:26:09 INFO Socket Connect Fail
2025-11-27 14:26:34 INFO Socket Connect Fail
2025-11-27 14:26:59 INFO Socket Connect Fail
2025-11-27 14:27:24 INFO Socket Connect Fail
2025-11-27 14:27:49 INFO Socket Connect Fail
2025-11-27 14:28:14 INFO Socket Connect Fail
2025-11-27 14:28:39 INFO Socket Connect Fail
2025-11-27 14:29:04 INFO Socket Connect Fail
2025-11-27 14:29:29 INFO Socket Connect Fail
2025-11-27 14:29:54 INFO Socket Connect Fail
2025-11-27 14:30:20 INFO Socket Connect Fail
2025-11-27 14:30:45 INFO Socket Connect Fail
2025-11-27 14:31:10 INFO Socket Connect Fail
2025-11-27 14:31:35 INFO Socket Connect Fail
2025-11-27 14:32:00 INFO Socket Connect Fail
2025-11-27 14:32:25 INFO Socket Connect Fail
2025-11-27 14:32:50 INFO Socket Connect Fail
2025-11-27 14:33:15 INFO Socket Connect Fail
2025-11-27 14:33:40 INFO Socket Connect Fail
2025-11-27 14:34:05 INFO Socket Connect Fail
2025-11-27 14:34:30 INFO Socket Connect Fail
2025-11-27 14:34:55 INFO Socket Connect Fail
2025-11-27 14:35:20 INFO Socket Connect Fail
2025-11-27 14:35:45 INFO Socket Connect Fail
2025-11-27 14:36:10 INFO Socket Connect Fail
2025-11-27 14:36:35 INFO Socket Connect Fail
2025-11-27 14:37:00 INFO Socket Connect Fail
2025-11-27 14:37:25 INFO Socket Connect Fail
2025-11-27 14:37:50 INFO Socket Connect Fail
2025-11-27 14:38:15 INFO Socket Connect Fail
2025-11-27 14:38:40 INFO Socket Connect Fail
2025-11-27 14:39:05 INFO Socket Connect Fail
2025-11-27 14:39:30 INFO Socket Connect Fail
2025-11-27 14:39:55 INFO Socket Connect Fail
2025-11-27 14:40:21 INFO Socket Connect Fail
2025-11-27 14:40:46 INFO Socket Connect Fail
2025-11-27 14:41:11 INFO Socket Connect Fail
2025-11-27 14:41:36 INFO Socket Connect Fail
2025-11-27 14:42:01 INFO Socket Connect Fail
2025-11-27 14:42:26 INFO Socket Connect Fail
2025-11-27 14:42:51 INFO Socket Connect Fail
2025-11-27 14:43:16 INFO Socket Connect Fail
2025-11-27 14:43:41 INFO Socket Connect Fail
2025-11-27 14:44:06 INFO Socket Connect Fail
2025-11-27 14:44:31 INFO Socket Connect Fail
2025-11-27 14:44:56 INFO Socket Connect Fail
2025-11-27 14:45:21 INFO Socket Connect Fail
2025-11-27 14:45:46 INFO Socket Connect Fail
2025-11-27 14:46:11 INFO Socket Connect Fail
2025-11-27 14:46:36 INFO Socket Connect Fail
2025-11-27 14:47:01 INFO Socket Connect Fail
2025-11-27 14:47:27 INFO Socket Connect Fail
2025-11-27 14:47:52 INFO Socket Connect Fail
2025-11-27 14:48:17 INFO Socket Connect Fail
2025-11-27 14:48:42 INFO Socket Connect Fail
2025-11-27 14:49:07 INFO Socket Connect Fail
2025-11-27 14:49:32 INFO Socket Connect Fail
2025-11-27 14:49:57 INFO Socket Connect Fail
2025-11-27 14:50:22 INFO Socket Connect Fail
2025-11-27 14:50:47 INFO Socket Connect Fail
2025-11-27 14:51:12 INFO Socket Connect Fail
2025-11-27 14:51:37 INFO Socket Connect Fail
2025-11-27 14:52:02 INFO Socket Connect Fail
2025-11-27 14:52:27 INFO Socket Connect Fail
2025-11-27 14:52:52 INFO Socket Connect Fail
2025-11-27 14:53:17 INFO Socket Connect Fail
2025-11-27 14:53:42 INFO Socket Connect Fail
2025-11-27 14:54:07 INFO Socket Connect Fail
2025-11-27 14:54:33 INFO Socket Connect Fail
2025-11-27 14:54:58 INFO Socket Connect Fail
2025-11-27 14:55:23 INFO Socket Connect Fail
2025-11-27 14:55:48 INFO Socket Connect Fail
2025-11-27 14:56:13 INFO Socket Connect Fail
2025-11-27 14:56:38 INFO Socket Connect Fail
2025-11-27 14:57:03 INFO Socket Connect Fail
2025-11-27 14:57:28 INFO Socket Connect Fail
2025-11-27 14:57:53 INFO Socket Connect Fail
2025-11-27 14:58:18 INFO Socket Connect Fail
2025-11-27 14:58:43 INFO Socket Connect Fail
2025-11-27 14:59:08 INFO Socket Connect Fail
2025-11-27 14:59:33 INFO Socket Connect Fail
2025-11-27 14:59:58 INFO Socket Connect Fail
2025-11-27 15:00:23 INFO Socket Connect Fail
2025-11-27 15:00:48 INFO Socket Connect Fail
2025-11-27 15:01:13 INFO Socket Connect Fail
2025-11-27 15:01:38 INFO Socket Connect Fail
2025-11-27 15:02:03 INFO Socket Connect Fail
2025-11-27 15:02:29 INFO Socket Connect Fail
2025-11-27 15:02:54 INFO Socket Connect Fail
2025-11-27 15:03:19 INFO Socket Connect Fail
2025-11-27 15:03:44 INFO Socket Connect Fail
2025-11-27 15:04:09 INFO Socket Connect Fail
2025-11-27 15:04:34 INFO Socket Connect Fail
2025-11-27 15:04:59 INFO Socket Connect Fail
2025-11-27 15:05:24 INFO Socket Connect Fail
2025-11-27 15:05:49 INFO Socket Connect Fail
2025-11-27 15:06:14 INFO Socket Connect Fail
2025-11-27 15:06:39 INFO Socket Connect Fail
2025-11-27 15:07:04 INFO Socket Connect Fail
2025-11-27 15:07:29 INFO Socket Connect Fail
2025-11-27 15:07:54 INFO Socket Connect Fail
2025-11-27 15:08:19 INFO Socket Connect Fail
2025-11-27 15:08:44 INFO Socket Connect Fail
2025-11-27 15:09:09 INFO Socket Connect Fail
2025-11-27 15:09:34 INFO Socket Connect Fail
2025-11-27 15:09:59 INFO Socket Connect Fail
2025-11-27 15:10:24 INFO Socket Connect Fail
2025-11-27 15:10:50 INFO Socket Connect Fail
2025-11-27 15:11:15 INFO Socket Connect Fail
2025-11-27 15:11:40 INFO Socket Connect Fail
2025-11-27 15:12:05 INFO Socket Connect Fail
2025-11-27 15:12:30 INFO Socket Connect Fail
2025-11-27 15:12:55 INFO Socket Connect Fail
2025-11-27 15:13:20 INFO Socket Connect Fail
2025-11-27 15:13:45 INFO Socket Connect Fail
2025-11-27 15:14:10 INFO Socket Connect Fail
2025-11-27 15:14:35 INFO Socket Connect Fail
2025-11-27 15:15:00 INFO Socket Connect Fail
2025-11-27 15:15:25 INFO Socket Connect Fail
2025-11-27 15:15:50 INFO Socket Connect Fail
2025-11-27 15:16:15 INFO Socket Connect Fail
2025-11-27 15:16:40 INFO Socket Connect Fail
2025-11-27 15:17:05 INFO Socket Connect Fail
2025-11-27 15:17:30 INFO Socket Connect Fail
2025-11-27 15:17:55 INFO Socket Connect Fail
2025-11-27 15:18:20 INFO Socket Connect Fail
2025-11-27 15:18:45 INFO Socket Connect Fail
2025-11-27 15:19:10 INFO Socket Connect Fail
2025-11-27 15:19:35 INFO Socket Connect Fail
2025-11-27 15:20:00 INFO Socket Connect Fail
2025-11-27 15:20:26 INFO Socket Connect Fail
2025-11-27 15:20:51 INFO Socket Connect Fail
2025-11-27 15:21:16 INFO Socket Connect Fail
2025-11-27 15:21:41 INFO Socket Connect Fail
2025-11-27 15:22:06 INFO Socket Connect Fail
2025-11-27 15:22:31 INFO Socket Connect Fail
2025-11-27 15:22:56 INFO Socket Connect Fail
2025-11-27 15:23:21 INFO Socket Connect Fail
2025-11-27 15:23:46 INFO Socket Connect Fail
2025-11-27 15:24:11 INFO Socket Connect Fail
2025-11-27 15:24:36 INFO Socket Connect Fail
2025-11-27 15:25:01 INFO Socket Connect Fail
2025-11-27 15:25:26 INFO Socket Connect Fail
2025-11-27 15:25:51 INFO Socket Connect Fail
2025-11-27 15:26:16 INFO Socket Connect Fail
2025-11-27 15:26:41 INFO Socket Connect Fail
2025-11-27 15:27:06 INFO Socket Connect Fail
2025-11-27 15:27:31 INFO Socket Connect Fail
2025-11-27 15:27:56 INFO Socket Connect Fail
2025-11-27 15:28:21 INFO Socket Connect Fail
2025-11-27 15:28:47 INFO Socket Connect Fail
2025-11-27 15:29:12 INFO Socket Connect Fail
2025-11-27 15:29:37 INFO Socket Connect Fail
2025-11-27 15:30:02 INFO Socket Connect Fail
2025-11-27 15:30:27 INFO Socket Connect Fail
2025-11-27 15:30:52 INFO Socket Connect Fail
2025-11-27 15:31:17 INFO Socket Connect Fail
2025-11-27 15:31:42 INFO Socket Connect Fail
2025-11-27 15:32:07 INFO Socket Connect Fail
2025-11-27 15:32:32 INFO Socket Connect Fail
2025-11-27 15:32:57 INFO Socket Connect Fail
2025-11-27 15:33:22 INFO Socket Connect Fail
2025-11-27 15:33:47 INFO Socket Connect Fail
2025-11-27 15:34:12 INFO Socket Connect Fail
2025-11-27 15:34:37 INFO Socket Connect Fail
2025-11-27 15:35:02 INFO Socket Connect Fail
2025-11-27 15:35:27 INFO Socket Connect Fail
2025-11-27 15:35:52 INFO Socket Connect Fail
2025-11-27 15:36:17 INFO Socket Connect Fail
2025-11-27 15:36:42 INFO Socket Connect Fail
2025-11-27 15:37:07 INFO Socket Connect Fail
2025-11-27 15:37:32 INFO Socket Connect Fail
2025-11-27 15:37:58 INFO Socket Connect Fail
2025-11-27 15:38:23 INFO Socket Connect Fail
2025-11-27 15:38:48 INFO Socket Connect Fail
2025-11-27 15:39:13 INFO Socket Connect Fail
2025-11-27 15:39:38 INFO Socket Connect Fail
2025-11-27 15:40:03 INFO Socket Connect Fail
2025-11-27 15:40:28 INFO Socket Connect Fail
2025-11-27 15:40:53 INFO Socket Connect Fail
2025-11-27 15:41:18 INFO Socket Connect Fail
2025-11-27 15:41:43 INFO Socket Connect Fail
2025-11-27 15:42:08 INFO Socket Connect Fail
2025-11-27 15:42:33 INFO Socket Connect Fail
2025-11-27 15:42:58 INFO Socket Connect Fail
2025-11-27 15:43:23 INFO Socket Connect Fail
2025-11-27 15:43:48 INFO Socket Connect Fail
2025-11-27 15:44:13 INFO Socket Connect Fail
2025-11-27 15:44:38 INFO Socket Connect Fail
2025-11-27 15:45:04 INFO Socket Connect Fail
2025-11-27 15:45:29 INFO Socket Connect Fail
2025-11-27 15:45:54 INFO Socket Connect Fail
2025-11-27 15:46:19 INFO Socket Connect Fail
2025-11-27 15:46:44 INFO Socket Connect Fail
2025-11-27 15:47:09 INFO Socket Connect Fail
2025-11-27 15:47:34 INFO Socket Connect Fail
2025-11-27 15:47:59 INFO Socket Connect Fail
2025-11-27 15:48:24 INFO Socket Connect Fail
2025-11-27 15:48:49 INFO Socket Connect Fail
2025-11-27 15:49:14 INFO Socket Connect Fail
2025-11-27 15:49:39 INFO Socket Connect Fail
2025-11-27 15:50:04 INFO Socket Connect Fail
2025-11-27 15:50:29 INFO Socket Connect Fail
2025-11-27 15:50:54 INFO Socket Connect Fail
2025-11-27 15:51:19 INFO Socket Connect Fail
2025-11-27 15:51:44 INFO Socket Connect Fail
2025-11-27 15:52:09 INFO Socket Connect Fail
2025-11-27 15:52:34 INFO Socket Connect Fail
2025-11-27 15:52:59 INFO Socket Connect Fail
2025-11-27 15:53:24 INFO Socket Connect Fail
2025-11-27 15:53:49 INFO Socket Connect Fail
2025-11-27 15:54:14 INFO Socket Connect Fail
2025-11-27 15:54:39 INFO Socket Connect Fail
2025-11-27 15:55:05 INFO Socket Connect Fail
2025-11-27 15:55:30 INFO Socket Connect Fail
